# JRE version: OpenJDK Runtime Environment (8.0_302-b08) (build 1.8.0_302-b08)
# Java VM: OpenJDK 64-Bit Server VM (25.302-b08 mixed mode windows-amd64 compressed oops)
Heap:
 PSYoungGen      total 107008K, used 48243K [0x00000000f5580000, 0x00000000ff580000, 0x0000000100000000)
  eden space 96256K, 50% used [0x00000000f5580000,0x00000000f849cf00,0x00000000fb380000)
  from space 10752K, 0% used [0x00000000fb380000,0x00000000fb380000,0x00000000fbe00000)
  to   space 10240K, 0% used [0x00000000feb80000,0x00000000feb80000,0x00000000ff580000)
 ParOldGen       total 174592K, used 14326K [0x00000000e0000000, 0x00000000eaa80000, 0x00000000f5580000)
  object space 174592K, 8% used [0x00000000e0000000,0x00000000e0dfd938,0x00000000eaa80000)
 Metaspace       used 34263K, capacity 36990K, committed 37120K, reserved 1081344K
  class space    used 4601K, capacity 5085K, committed 5120K, reserved 1048576K
GC Heap History (10 events):
Event: 2.072 GC heap before
{Heap before GC invocations=3 (full 1):
 PSYoungGen      total 76288K, used 9432K [0x00000000f5580000, 0x00000000faa80000, 0x0000000100000000)
  eden space 65536K, 0% used [0x00000000f5580000,0x00000000f5580000,0x00000000f9580000)
  from space 10752K, 87% used [0x00000000fa000000,0x00000000fa9362c0,0x00000000faa80000)
  to   space 10752K, 0% used [0x00000000f9580000,0x00000000f9580000,0x00000000fa000000)
 ParOldGen       total 175104K, used 96K [0x00000000e0000000, 0x00000000eab00000, 0x00000000f5580000)
  object space 175104K, 0% used [0x00000000e0000000,0x00000000e0018010,0x00000000eab00000)
 Metaspace       used 19739K, capacity 21188K, committed 21296K, reserved 1067008K
  class space    used 2643K, capacity 2932K, committed 2944K, reserved 1048576K
Event: 2.091 GC heap after
Heap after GC invocations=3 (full 1):
 PSYoungGen      total 76288K, used 0K [0x00000000f5580000, 0x00000000faa80000, 0x0000000100000000)
  eden space 65536K, 0% used [0x00000000f5580000,0x00000000f5580000,0x00000000f9580000)
  from space 10752K, 0% used [0x00000000fa000000,0x00000000fa000000,0x00000000faa80000)
  to   space 10752K, 0% used [0x00000000f9580000,0x00000000f9580000,0x00000000fa000000)
 ParOldGen       total 108544K, used 8818K [0x00000000e0000000, 0x00000000e6a00000, 0x00000000f5580000)
  object space 108544K, 8% used [0x00000000e0000000,0x00000000e089ca38,0x00000000e6a00000)
 Metaspace       used 19739K, capacity 21188K, committed 21296K, reserved 1067008K
  class space    used 2643K, capacity 2932K, committed 2944K, reserved 1048576K
}
Event: 2.525 GC heap before
{Heap before GC invocations=4 (full 1):
 PSYoungGen      total 76288K, used 65536K [0x00000000f5580000, 0x00000000faa80000, 0x0000000100000000)
  eden space 65536K, 100% used [0x00000000f5580000,0x00000000f9580000,0x00000000f9580000)
  from space 10752K, 0% used [0x00000000fa000000,0x00000000fa000000,0x00000000faa80000)
  to   space 10752K, 0% used [0x00000000f9580000,0x00000000f9580000,0x00000000fa000000)
 ParOldGen       total 108544K, used 8818K [0x00000000e0000000, 0x00000000e6a00000, 0x00000000f5580000)
  object space 108544K, 8% used [0x00000000e0000000,0x00000000e089ca38,0x00000000e6a00000)
 Metaspace       used 26319K, capacity 28016K, committed 28160K, reserved 1073152K
  class space    used 3504K, capacity 3838K, committed 3840K, reserved 1048576K
Event: 2.529 GC heap after
Heap after GC invocations=4 (full 1):
 PSYoungGen      total 76288K, used 8555K [0x00000000f5580000, 0x00000000fc900000, 0x0000000100000000)
  eden space 65536K, 0% used [0x00000000f5580000,0x00000000f5580000,0x00000000f9580000)
  from space 10752K, 79% used [0x00000000f9580000,0x00000000f9ddae28,0x00000000fa000000)
  to   space 10752K, 0% used [0x00000000fbe80000,0x00000000fbe80000,0x00000000fc900000)
 ParOldGen       total 108544K, used 8826K [0x00000000e0000000, 0x00000000e6a00000, 0x00000000f5580000)
  object space 108544K, 8% used [0x00000000e0000000,0x00000000e089ea38,0x00000000e6a00000)
 Metaspace       used 26319K, capacity 28016K, committed 28160K, reserved 1073152K
  class space    used 3504K, capacity 3838K, committed 3840K, reserved 1048576K
}
Event: 3.231 GC heap before
{Heap before GC invocations=5 (full 1):
 PSYoungGen      total 76288K, used 74091K [0x00000000f5580000, 0x00000000fc900000, 0x0000000100000000)
  eden space 65536K, 100% used [0x00000000f5580000,0x00000000f9580000,0x00000000f9580000)
  from space 10752K, 79% used [0x00000000f9580000,0x00000000f9ddae28,0x00000000fa000000)
  to   space 10752K, 0% used [0x00000000fbe80000,0x00000000fbe80000,0x00000000fc900000)
 ParOldGen       total 108544K, used 8826K [0x00000000e0000000, 0x00000000e6a00000, 0x00000000f5580000)
  object space 108544K, 8% used [0x00000000e0000000,0x00000000e089ea38,0x00000000e6a00000)
 Metaspace       used 29842K, capacity 31810K, committed 32128K, reserved 1077248K
  class space    used 3986K, capacity 4379K, committed 4480K, reserved 1048576K
Event: 3.237 GC heap after
Heap after GC invocations=5 (full 1):
 PSYoungGen      total 106496K, used 7827K [0x00000000f5580000, 0x00000000fc880000, 0x0000000100000000)
  eden space 96256K, 0% used [0x00000000f5580000,0x00000000f5580000,0x00000000fb380000)
  from space 10240K, 76% used [0x00000000fbe80000,0x00000000fc624f58,0x00000000fc880000)
  to   space 10752K, 0% used [0x00000000fb380000,0x00000000fb380000,0x00000000fbe00000)
 ParOldGen       total 108544K, used 8834K [0x00000000e0000000, 0x00000000e6a00000, 0x00000000f5580000)
  object space 108544K, 8% used [0x00000000e0000000,0x00000000e08a0a38,0x00000000e6a00000)
 Metaspace       used 29842K, capacity 31810K, committed 32128K, reserved 1077248K
  class space    used 3986K, capacity 4379K, committed 4480K, reserved 1048576K
}
Event: 3.890 GC heap before
{Heap before GC invocations=6 (full 1):
 PSYoungGen      total 106496K, used 67224K [0x00000000f5580000, 0x00000000fc880000, 0x0000000100000000)
  eden space 96256K, 61% used [0x00000000f5580000,0x00000000f8f811b8,0x00000000fb380000)
  from space 10240K, 76% used [0x00000000fbe80000,0x00000000fc624f58,0x00000000fc880000)
  to   space 10752K, 0% used [0x00000000fb380000,0x00000000fb380000,0x00000000fbe00000)
 ParOldGen       total 108544K, used 8834K [0x00000000e0000000, 0x00000000e6a00000, 0x00000000f5580000)
  object space 108544K, 8% used [0x00000000e0000000,0x00000000e08a0a38,0x00000000e6a00000)
 Metaspace       used 33121K, capacity 35420K, committed 35496K, reserved 1079296K
  class space    used 4408K, capacity 4828K, committed 4864K, reserved 1048576K
Event: 3.897 GC heap after
Heap after GC invocations=6 (full 1):
 PSYoungGen      total 107008K, used 9285K [0x00000000f5580000, 0x00000000ff580000, 0x0000000100000000)
  eden space 96256K, 0% used [0x00000000f5580000,0x00000000f5580000,0x00000000fb380000)
  from space 10752K, 86% used [0x00000000fb380000,0x00000000fbc91728,0x00000000fbe00000)
  to   space 10240K, 0% used [0x00000000feb80000,0x00000000feb80000,0x00000000ff580000)
 ParOldGen       total 108544K, used 8842K [0x00000000e0000000, 0x00000000e6a00000, 0x00000000f5580000)
  object space 108544K, 8% used [0x00000000e0000000,0x00000000e08a2a38,0x00000000e6a00000)
 Metaspace       used 33121K, capacity 35420K, committed 35496K, reserved 1079296K
  class space    used 4408K, capacity 4828K, committed 4864K, reserved 1048576K
}
Event: 3.897 GC heap before
{Heap before GC invocations=7 (full 2):
 PSYoungGen      total 107008K, used 9285K [0x00000000f5580000, 0x00000000ff580000, 0x0000000100000000)
  eden space 96256K, 0% used [0x00000000f5580000,0x00000000f5580000,0x00000000fb380000)
  from space 10752K, 86% used [0x00000000fb380000,0x00000000fbc91728,0x00000000fbe00000)
  to   space 10240K, 0% used [0x00000000feb80000,0x00000000feb80000,0x00000000ff580000)
 ParOldGen       total 108544K, used 8842K [0x00000000e0000000, 0x00000000e6a00000, 0x00000000f5580000)
  object space 108544K, 8% used [0x00000000e0000000,0x00000000e08a2a38,0x00000000e6a00000)
 Metaspace       used 33121K, capacity 35420K, committed 35496K, reserved 1079296K
  class space    used 4408K, capacity 4828K, committed 4864K, reserved 1048576K
Event: 3.929 GC heap after
Heap after GC invocations=7 (full 2):
 PSYoungGen      total 107008K, used 0K [0x00000000f5580000, 0x00000000ff580000, 0x0000000100000000)
  eden space 96256K, 0% used [0x00000000f5580000,0x00000000f5580000,0x00000000fb380000)
  from space 10752K, 0% used [0x00000000fb380000,0x00000000fb380000,0x00000000fbe00000)
  to   space 10240K, 0% used [0x00000000feb80000,0x00000000feb80000,0x00000000ff580000)
 ParOldGen       total 174592K, used 14326K [0x00000000e0000000, 0x00000000eaa80000, 0x00000000f5580000)
  object space 174592K, 8% used [0x00000000e0000000,0x00000000e0dfd938,0x00000000eaa80000)
 Metaspace       used 33121K, capacity 35420K, committed 35496K, reserved 1079296K
  class space    used 4408K, capacity 4828K, committed 4864K, reserved 1048576K
}

